c:\users\compu\documents\ejercicios c++\proyecto progra\gestion de rutas\x64\debug\vc143.pdb
c:\users\compu\documents\ejercicios c++\proyecto progra\gestion de rutas\x64\debug\vc143.idb
c:\users\compu\documents\ejercicios c++\proyecto progra\gestion de rutas\x64\debug\leerbuses.obj
c:\users\compu\documents\ejercicios c++\proyecto progra\gestion de rutas\x64\debug\gestionrutas.obj
c:\users\compu\documents\ejercicios c++\proyecto progra\gestion de rutas\x64\debug\leerrutas.obj
c:\users\compu\documents\ejercicios c++\proyecto progra\gestion de rutas\x64\debug\proyecto.obj
c:\users\compu\documents\ejercicios c++\proyecto progra\gestion de rutas\x64\debug\elegirruta.obj
c:\users\compu\documents\ejercicios c++\proyecto progra\gestion de rutas\x64\debug\gestionbuses.obj
c:\users\compu\documents\ejercicios c++\proyecto progra\gestion de rutas\x64\debug\gestion de rutas.exe
c:\users\compu\documents\ejercicios c++\proyecto progra\gestion de rutas\x64\debug\gestion de rutas.ilk
c:\users\compu\documents\ejercicios c++\proyecto progra\gestion de rutas\x64\debug\gestion de rutas.pdb
c:\users\compu\documents\ejercicios c++\proyecto progra\gestion de rutas\x64\debug\gestion de rutas.obj
c:\users\compu\documents\ejercicios c++\proyecto progra\gestion de rutas\x64\debug\gestionarbuses.obj
c:\users\compu\documents\ejercicios c++\proyecto progra\gestion de rutas\x64\debug\leerviajes.obj
c:\users\compu\documents\ejercicios c++\proyecto progra\gestion de rutas\x64\debug\pruebas.obj
c:\users\compu\documents\ejercicios c++\proyecto progra\gestion de rutas\x64\debug\seleccionarrutas.obj
c:\users\compu\documents\ejercicios c++\proyecto progra\gestion de rutas\x64\debug\gestion de rutas.tlog\cl.command.1.tlog
c:\users\compu\documents\ejercicios c++\proyecto progra\gestion de rutas\x64\debug\gestion de rutas.tlog\cl.items.tlog
c:\users\compu\documents\ejercicios c++\proyecto progra\gestion de rutas\x64\debug\gestion de rutas.tlog\cl.read.1.tlog
c:\users\compu\documents\ejercicios c++\proyecto progra\gestion de rutas\x64\debug\gestion de rutas.tlog\cl.write.1.tlog
c:\users\compu\documents\ejercicios c++\proyecto progra\gestion de rutas\x64\debug\gestion de rutas.tlog\link.command.1.tlog
c:\users\compu\documents\ejercicios c++\proyecto progra\gestion de rutas\x64\debug\gestion de rutas.tlog\link.read.1.tlog
c:\users\compu\documents\ejercicios c++\proyecto progra\gestion de rutas\x64\debug\gestion de rutas.tlog\link.write.1.tlog
